#
# There is insufficient memory for the Java Runtime Environment to continue.
# Native memory allocation (malloc) failed to allocate 1263696 bytes for Chunk::new
# Possible reasons:
#   The system is out of physical RAM or swap space
#   The process is running with CompressedOops enabled, and the Java Heap may be blocking the growth of the native heap
# Possible solutions:
#   Reduce memory load on the system
#   Increase physical memory or swap space
#   Check if swap backing store is full
#   Decrease Java heap size (-Xmx/-Xms)
#   Decrease number of Java threads
#   Decrease Java thread stack sizes (-Xss)
#   Set larger code cache with -XX:ReservedCodeCacheSize=
#   JVM is running with Unscaled Compressed Oops mode in which the Java heap is
#     placed in the first 4GB address space. The Java Heap base address is the
#     maximum limit for the native heap growth. Please use -XX:HeapBaseMinAddress
#     to set the Java Heap base and to place the Java Heap above 4GB virtual address.
# This output file may be truncated or incomplete.
#
#  Out of Memory Error (arena.cpp:184), pid=17404, tid=39568
#
# JRE version: Java(TM) SE Runtime Environment (19.0.2+7) (build 19.0.2+7-44)
# Java VM: Java HotSpot(TM) 64-Bit Server VM (19.0.2+7-44, mixed mode, sharing, tiered, compressed oops, compressed class ptrs, g1 gc, windows-amd64)
# No core dump will be written. Minidumps are not enabled by default on client versions of Windows
#

---------------  S U M M A R Y ------------

Command Line: -javaagent:C:\Program Files\JetBrains\IntelliJ IDEA Community Edition 2023.2.2\lib\idea_rt.jar=63293:C:\Program Files\JetBrains\IntelliJ IDEA Community Edition 2023.2.2\bin -Dfile.encoding=UTF-8 -Dsun.stdout.encoding=UTF-8 -Dsun.stderr.encoding=UTF-8 net.javaguides.configserver.ConfigServerApplication

Host: Intel(R) Core(TM) i5-10300H CPU @ 2.50GHz, 8 cores, 7G,  Windows 11 , 64 bit Build 22621 (10.0.22621.2428)
Time: Fri Nov 24 16:19:05 2023 India Standard Time elapsed time: 18986.325338 seconds (0d 5h 16m 26s)

---------------  T H R E A D  ---------------

Current thread (0x000002f6f33a42e0):  JavaThread "C2 CompilerThread0" daemon [_thread_in_native, id=39568, stack(0x000000ffe6e00000,0x000000ffe6f00000)]


Current CompileTask:
C2:18986325 9743   !   4       org.apache.catalina.core.ContainerBase$ContainerBackgroundProcessor::processChildren (202 bytes)

Stack: [0x000000ffe6e00000,0x000000ffe6f00000]
Native frames: (J=compiled Java code, j=interpreted, Vv=VM code, C=native code)
V  [jvm.dll+0x6ee21a]
V  [jvm.dll+0x85765e]
V  [jvm.dll+0x85904e]
V  [jvm.dll+0x859703]
V  [jvm.dll+0x28298f]
V  [jvm.dll+0xc9adf]
V  [jvm.dll+0xc9e65]
V  [jvm.dll+0x3bca12]
V  [jvm.dll+0x3860e1]
V  [jvm.dll+0x38555a]
V  [jvm.dll+0x24c3d9]
V  [jvm.dll+0x24b781]
V  [jvm.dll+0x1d6ce1]
V  [jvm.dll+0x25b25a]
V  [jvm.dll+0x2596e8]
V  [jvm.dll+0x807588]
V  [jvm.dll+0x80125a]
V  [jvm.dll+0x6ecf0b]
C  [ucrtbase.dll+0x29363]
C  [KERNEL32.DLL+0x1257d]
C  [ntdll.dll+0x5aa78]


---------------  P R O C E S S  ---------------

Threads class SMR info:
_java_thread_list=0x000002f6fb497a70, length=37, elements={
0x000002f6f3395850, 0x000002f6f3396640, 0x000002f6f33997a0, 0x000002f6f339b2e0,
0x000002f6f339fd30, 0x000002f6f33a0660, 0x000002f6f33a42e0, 0x000002f6f33dc7a0,
0x000002f6f754d150, 0x000002f6f75d07d0, 0x000002f6f780b780, 0x000002f6f780bcc0,
0x000002f6f8e4b860, 0x000002f6f8e4c300, 0x000002f6f8e49dd0, 0x000002f6f8e4a320,
0x000002f6f8e4bdb0, 0x000002f6f8e4adc0, 0x000002f6f8e4b310, 0x000002f6f9e8e070,
0x000002f6f9e8f5b0, 0x000002f6f9e91590, 0x000002f6f9e905a0, 0x000002f6f9e8e5c0,
0x000002f6f9e90050, 0x000002f6f9e90af0, 0x000002f6f9e8f060, 0x000002f6f9e8fb00,
0x000002f6f9e91040, 0x000002f6f9e8eb10, 0x000002f6f99b9ac0, 0x000002f6f99bca90,
0x000002f6f99ba010, 0x000002f6f99ba560, 0x000002f6f99bda80, 0x000002f6f99baab0,
0x000002f6f99b8580
}

Java Threads: ( => current thread )
  0x000002f6f3395850 JavaThread "Reference Handler" daemon [_thread_blocked, id=14284, stack(0x000000ffe6800000,0x000000ffe6900000)]
  0x000002f6f3396640 JavaThread "Finalizer" daemon [_thread_blocked, id=17836, stack(0x000000ffe6900000,0x000000ffe6a00000)]
  0x000002f6f33997a0 JavaThread "Signal Dispatcher" daemon [_thread_blocked, id=35716, stack(0x000000ffe6a00000,0x000000ffe6b00000)]
  0x000002f6f339b2e0 JavaThread "Attach Listener" daemon [_thread_blocked, id=20840, stack(0x000000ffe6b00000,0x000000ffe6c00000)]
  0x000002f6f339fd30 JavaThread "Service Thread" daemon [_thread_blocked, id=3684, stack(0x000000ffe6c00000,0x000000ffe6d00000)]
  0x000002f6f33a0660 JavaThread "Monitor Deflation Thread" daemon [_thread_blocked, id=3368, stack(0x000000ffe6d00000,0x000000ffe6e00000)]
=>0x000002f6f33a42e0 JavaThread "C2 CompilerThread0" daemon [_thread_in_native, id=39568, stack(0x000000ffe6e00000,0x000000ffe6f00000)]
  0x000002f6f33dc7a0 JavaThread "C1 CompilerThread0" daemon [_thread_blocked, id=8388, stack(0x000000ffe6f00000,0x000000ffe7000000)]
  0x000002f6f754d150 JavaThread "Sweeper thread" daemon [_thread_blocked, id=26880, stack(0x000000ffe7000000,0x000000ffe7100000)]
  0x000002f6f75d07d0 JavaThread "Common-Cleaner" daemon [_thread_blocked, id=39344, stack(0x000000ffe7100000,0x000000ffe7200000)]
  0x000002f6f780b780 JavaThread "Monitor Ctrl-Break" daemon [_thread_in_native, id=5100, stack(0x000000ffe7200000,0x000000ffe7300000)]
  0x000002f6f780bcc0 JavaThread "Notification Thread" daemon [_thread_blocked, id=40880, stack(0x000000ffe7300000,0x000000ffe7400000)]
  0x000002f6f8e4b860 JavaThread "Catalina-utility-1" [_thread_blocked, id=12772, stack(0x000000ffe7e00000,0x000000ffe7f00000)]
  0x000002f6f8e4c300 JavaThread "Catalina-utility-2" [_thread_blocked, id=29920, stack(0x000000ffe7f00000,0x000000ffe8000000)]
  0x000002f6f8e49dd0 JavaThread "container-0" [_thread_blocked, id=40688, stack(0x000000ffe8000000,0x000000ffe8100000)]
  0x000002f6f8e4a320 JavaThread "spring.cloud.inetutils" daemon [_thread_blocked, id=34344, stack(0x000000ffe8100000,0x000000ffe8200000)]
  0x000002f6f8e4bdb0 JavaThread "JGit-WorkQueue" daemon [_thread_blocked, id=38136, stack(0x000000ffe7500000,0x000000ffe7600000)]
  0x000002f6f8e4adc0 JavaThread "AsyncResolver-bootstrap-0" daemon [_thread_blocked, id=39624, stack(0x000000ffe8400000,0x000000ffe8500000)]
  0x000002f6f8e4b310 JavaThread "DiscoveryClient-0" daemon [_thread_blocked, id=23680, stack(0x000000ffe8500000,0x000000ffe8600000)]
  0x000002f6f9e8e070 JavaThread "DiscoveryClient-1" daemon [_thread_blocked, id=11480, stack(0x000000ffe8600000,0x000000ffe8700000)]
  0x000002f6f9e8f5b0 JavaThread "DiscoveryClient-InstanceInfoReplicator-0" daemon [_thread_blocked, id=37512, stack(0x000000ffe8700000,0x000000ffe8800000)]
  0x000002f6f9e91590 JavaThread "http-nio-8888-exec-1" daemon [_thread_blocked, id=23740, stack(0x000000ffe8800000,0x000000ffe8900000)]
  0x000002f6f9e905a0 JavaThread "http-nio-8888-exec-2" daemon [_thread_blocked, id=22332, stack(0x000000ffe8900000,0x000000ffe8a00000)]
  0x000002f6f9e8e5c0 JavaThread "http-nio-8888-exec-3" daemon [_thread_blocked, id=15992, stack(0x000000ffe8a00000,0x000000ffe8b00000)]
  0x000002f6f9e90050 JavaThread "http-nio-8888-exec-4" daemon [_thread_blocked, id=26628, stack(0x000000ffe8b00000,0x000000ffe8c00000)]
  0x000002f6f9e90af0 JavaThread "http-nio-8888-exec-5" daemon [_thread_blocked, id=29200, stack(0x000000ffe8c00000,0x000000ffe8d00000)]
  0x000002f6f9e8f060 JavaThread "http-nio-8888-exec-6" daemon [_thread_blocked, id=4292, stack(0x000000ffe8d00000,0x000000ffe8e00000)]
  0x000002f6f9e8fb00 JavaThread "http-nio-8888-exec-7" daemon [_thread_blocked, id=14104, stack(0x000000ffe8e00000,0x000000ffe8f00000)]
  0x000002f6f9e91040 JavaThread "http-nio-8888-exec-8" daemon [_thread_blocked, id=27836, stack(0x000000ffe8f00000,0x000000ffe9000000)]
  0x000002f6f9e8eb10 JavaThread "http-nio-8888-exec-9" daemon [_thread_blocked, id=26244, stack(0x000000ffe9000000,0x000000ffe9100000)]
  0x000002f6f99b9ac0 JavaThread "http-nio-8888-exec-10" daemon [_thread_blocked, id=26228, stack(0x000000ffe9100000,0x000000ffe9200000)]
  0x000002f6f99bca90 JavaThread "http-nio-8888-Poller" daemon [_thread_in_native, id=31644, stack(0x000000ffe9200000,0x000000ffe9300000)]
  0x000002f6f99ba010 JavaThread "http-nio-8888-Acceptor" daemon [_thread_in_native, id=38808, stack(0x000000ffe9300000,0x000000ffe9400000)]
  0x000002f6f99ba560 JavaThread "DestroyJavaVM" [_thread_blocked, id=40360, stack(0x000000ffe6100000,0x000000ffe6200000)]
  0x000002f6f99bda80 JavaThread "DiscoveryClient-HeartbeatExecutor-0" daemon [_thread_blocked, id=40124, stack(0x000000ffe8200000,0x000000ffe8300000)]
  0x000002f6f99baab0 JavaThread "DiscoveryClient-CacheRefreshExecutor-0" daemon [_thread_blocked, id=22888, stack(0x000000ffe9600000,0x000000ffe9700000)]
  0x000002f6f99b8580 JavaThread "AsyncResolver-bootstrap-executor-0" daemon [_thread_blocked, id=10604, stack(0x000000ffe5f00000,0x000000ffe6000000)]

Other Threads:
  0x000002f6f337d0d0 VMThread "VM Thread" [stack: 0x000000ffe6700000,0x000000ffe6800000] [id=39436]
  0x000002f6f780c600 WatcherThread "VM Periodic Task Thread" [stack: 0x000000ffe7400000,0x000000ffe7500000] [id=14136]
  0x000002f6d2c2bf20 WorkerThread "GC Thread#0" [stack: 0x000000ffe6200000,0x000000ffe6300000] [id=36040]
  0x000002f6f7e0f110 WorkerThread "GC Thread#1" [stack: 0x000000ffe7600000,0x000000ffe7700000] [id=39268]
  0x000002f6f840fce0 WorkerThread "GC Thread#2" [stack: 0x000000ffe7700000,0x000000ffe7800000] [id=13724]
  0x000002f6f835d360 WorkerThread "GC Thread#3" [stack: 0x000000ffe7800000,0x000000ffe7900000] [id=5136]
  0x000002f6f835dea0 WorkerThread "GC Thread#4" [stack: 0x000000ffe7900000,0x000000ffe7a00000] [id=14020]
  0x000002f6f835c820 WorkerThread "GC Thread#5" [stack: 0x000000ffe7a00000,0x000000ffe7b00000] [id=17200]
  0x000002f6f835c280 WorkerThread "GC Thread#6" [stack: 0x000000ffe7b00000,0x000000ffe7c00000] [id=36520]
  0x000002f6f835c550 WorkerThread "GC Thread#7" [stack: 0x000000ffe7c00000,0x000000ffe7d00000] [id=7608]
  0x000002f6d2c3cbc0 ConcurrentGCThread "G1 Main Marker" [stack: 0x000000ffe6300000,0x000000ffe6400000] [id=3788]
  0x000002f6d2c3d5f0 WorkerThread "G1 Conc#0" [stack: 0x000000ffe6400000,0x000000ffe6500000] [id=39128]
  0x000002f6f835d900 WorkerThread "G1 Conc#1" [stack: 0x000000ffe7d00000,0x000000ffe7e00000] [id=35136]
  0x000002f6f3232560 ConcurrentGCThread "G1 Refine#0" [stack: 0x000000ffe6500000,0x000000ffe6600000] [id=31052]
  0x000002f6f3232fb0 ConcurrentGCThread "G1 Service" [stack: 0x000000ffe6600000,0x000000ffe6700000] [id=38148]

Threads with active compile tasks:
C2 CompilerThread0  18986378 9743   !   4       org.apache.catalina.core.ContainerBase$ContainerBackgroundProcessor::processChildren (202 bytes)

VM state: not at safepoint (normal execution)

VM Mutex/Monitor currently owned by a thread: None

Heap address: 0x0000000081600000, size: 2026 MB, Compressed Oops mode: 32-bit

CDS archive(s) mapped at: [0x0000000800000000-0x0000000800c40000-0x0000000800c40000), size 12845056, SharedBaseAddress: 0x0000000800000000, ArchiveRelocationMode: 0.
Compressed class space mapped at: 0x0000000801000000-0x0000000841000000, reserved size: 1073741824
Narrow klass base: 0x0000000800000000, Narrow klass shift: 0, Narrow klass range: 0x100000000

GC Precious Log:
 CardTable entry size: 512
 Card Set container configuration: InlinePtr #cards 5 size 8 Array Of Cards #cards 12 size 40 Howl #buckets 4 coarsen threshold 1843 Howl Bitmap #cards 512 size 80 coarsen threshold 460 Card regions per heap region 1 cards per card region 2048
 CPUs: 8 total, 8 available
 Memory: 8099M
 Large Page Support: Disabled
 NUMA Support: Disabled
 Compressed Oops: Enabled (32-bit)
 Heap Region Size: 1M
 Heap Min Capacity: 8M
 Heap Initial Capacity: 128M
 Heap Max Capacity: 2026M
 Pre-touch: Disabled
 Parallel Workers: 8
 Concurrent Workers: 2
 Concurrent Refinement Workers: 8
 Periodic GC: Disabled

Heap:
 garbage-first heap   total 86016K, used 51991K [0x0000000081600000, 0x0000000100000000)
  region size 1024K, 15 young (15360K), 1 survivors (1024K)
 Metaspace       used 58746K, committed 59328K, reserved 1114112K
  class space    used 7069K, committed 7360K, reserved 1048576K

Heap Regions: E=young(eden), S=young(survivor), O=old, HS=humongous(starts), HC=humongous(continues), CS=collection set, F=free, OA=open archive, CA=closed archive, TAMS=top-at-mark-start (previous, next)
|   0|0x0000000081600000, 0x0000000081700000, 0x0000000081700000|100%| O|  |TAMS 0x0000000081700000, 0x0000000081600000| Untracked 
|   1|0x0000000081700000, 0x0000000081800000, 0x0000000081800000|100%| O|  |TAMS 0x0000000081800000, 0x0000000081700000| Untracked 
|   2|0x0000000081800000, 0x0000000081900000, 0x0000000081900000|100%| O|  |TAMS 0x0000000081900000, 0x0000000081800000| Untracked 
|   3|0x0000000081900000, 0x0000000081a00000, 0x0000000081a00000|100%| O|  |TAMS 0x0000000081a00000, 0x0000000081900000| Untracked 
|   4|0x0000000081a00000, 0x0000000081b00000, 0x0000000081b00000|100%| O|  |TAMS 0x0000000081b00000, 0x0000000081a00000| Untracked 
|   5|0x0000000081b00000, 0x0000000081c00000, 0x0000000081c00000|100%| O|  |TAMS 0x0000000081c00000, 0x0000000081b00000| Untracked 
|   6|0x0000000081c00000, 0x0000000081d00000, 0x0000000081d00000|100%| O|  |TAMS 0x0000000081d00000, 0x0000000081c00000| Untracked 
|   7|0x0000000081d00000, 0x0000000081e00000, 0x0000000081e00000|100%| O|  |TAMS 0x0000000081d00000, 0x0000000081d00000| Untracked 
|   8|0x0000000081e00000, 0x0000000081f00000, 0x0000000081f00000|100%| O|  |TAMS 0x0000000081f00000, 0x0000000081e00000| Untracked 
|   9|0x0000000081f00000, 0x0000000082000000, 0x0000000082000000|100%| O|  |TAMS 0x0000000082000000, 0x0000000081f00000| Untracked 
|  10|0x0000000082000000, 0x0000000082100000, 0x0000000082100000|100%| O|  |TAMS 0x0000000082100000, 0x0000000082000000| Untracked 
|  11|0x0000000082100000, 0x0000000082200000, 0x0000000082200000|100%| O|  |TAMS 0x0000000082200000, 0x0000000082100000| Untracked 
|  12|0x0000000082200000, 0x0000000082300000, 0x0000000082300000|100%| O|  |TAMS 0x0000000082300000, 0x0000000082200000| Untracked 
|  13|0x0000000082300000, 0x0000000082400000, 0x0000000082400000|100%| O|  |TAMS 0x0000000082400000, 0x0000000082300000| Untracked 
|  14|0x0000000082400000, 0x0000000082500000, 0x0000000082500000|100%| O|  |TAMS 0x0000000082500000, 0x0000000082400000| Untracked 
|  15|0x0000000082500000, 0x0000000082600000, 0x0000000082600000|100%| O|  |TAMS 0x0000000082500000, 0x0000000082500000| Untracked 
|  16|0x0000000082600000, 0x0000000082700000, 0x0000000082700000|100%| O|  |TAMS 0x0000000082700000, 0x0000000082600000| Untracked 
|  17|0x0000000082700000, 0x0000000082800000, 0x0000000082800000|100%| O|  |TAMS 0x0000000082700000, 0x0000000082700000| Untracked 
|  18|0x0000000082800000, 0x0000000082900000, 0x0000000082900000|100%| O|  |TAMS 0x0000000082900000, 0x0000000082800000| Untracked 
|  19|0x0000000082900000, 0x0000000082a00000, 0x0000000082a00000|100%| O|  |TAMS 0x0000000082990000, 0x0000000082900000| Untracked 
|  20|0x0000000082a00000, 0x0000000082b00000, 0x0000000082b00000|100%| O|  |TAMS 0x0000000082a00000, 0x0000000082a00000| Untracked 
|  21|0x0000000082b00000, 0x0000000082c00000, 0x0000000082c00000|100%| O|  |TAMS 0x0000000082b00000, 0x0000000082b00000| Untracked 
|  22|0x0000000082c00000, 0x0000000082d00000, 0x0000000082d00000|100%| O|  |TAMS 0x0000000082c00000, 0x0000000082c00000| Untracked 
|  23|0x0000000082d00000, 0x0000000082e00000, 0x0000000082e00000|100%|HS|  |TAMS 0x0000000082d00000, 0x0000000082d00000| Complete 
|  24|0x0000000082e00000, 0x0000000082f00000, 0x0000000082f00000|100%|HC|  |TAMS 0x0000000082e00000, 0x0000000082e00000| Complete 
|  25|0x0000000082f00000, 0x0000000083000000, 0x0000000083000000|100%| O|  |TAMS 0x0000000082f00000, 0x0000000082f00000| Untracked 
|  26|0x0000000083000000, 0x0000000083100000, 0x0000000083100000|100%| O|  |TAMS 0x0000000083000000, 0x0000000083000000| Untracked 
|  27|0x0000000083100000, 0x0000000083200000, 0x0000000083200000|100%| O|  |TAMS 0x0000000083100000, 0x0000000083100000| Untracked 
|  28|0x0000000083200000, 0x0000000083300000, 0x0000000083300000|100%| O|  |TAMS 0x0000000083200000, 0x0000000083200000| Untracked 
|  29|0x0000000083300000, 0x0000000083400000, 0x0000000083400000|100%| O|  |TAMS 0x0000000083300000, 0x0000000083300000| Untracked 
|  30|0x0000000083400000, 0x0000000083500000, 0x0000000083500000|100%| O|  |TAMS 0x0000000083400000, 0x0000000083400000| Untracked 
|  31|0x0000000083500000, 0x0000000083600000, 0x0000000083600000|100%|HS|  |TAMS 0x0000000083500000, 0x0000000083500000| Complete 
|  32|0x0000000083600000, 0x0000000083700000, 0x0000000083700000|100%|HC|  |TAMS 0x0000000083600000, 0x0000000083600000| Complete 
|  33|0x0000000083700000, 0x0000000083800000, 0x0000000083800000|100%|HS|  |TAMS 0x0000000083700000, 0x0000000083700000| Complete 
|  34|0x0000000083800000, 0x0000000083900000, 0x0000000083900000|100%|HC|  |TAMS 0x0000000083800000, 0x0000000083800000| Complete 
|  35|0x0000000083900000, 0x0000000083a00000, 0x0000000083a00000|100%| O|  |TAMS 0x0000000083900000, 0x0000000083900000| Untracked 
|  36|0x0000000083a00000, 0x0000000083ac9400, 0x0000000083b00000| 78%| O|  |TAMS 0x0000000083a00000, 0x0000000083a00000| Untracked 
|  37|0x0000000083b00000, 0x0000000083b00000, 0x0000000083c00000|  0%| F|  |TAMS 0x0000000083b00000, 0x0000000083b00000| Untracked 
|  38|0x0000000083c00000, 0x0000000083c00000, 0x0000000083d00000|  0%| F|  |TAMS 0x0000000083c00000, 0x0000000083c00000| Untracked 
|  39|0x0000000083d00000, 0x0000000083d00000, 0x0000000083e00000|  0%| F|  |TAMS 0x0000000083d00000, 0x0000000083d00000| Untracked 
|  40|0x0000000083e00000, 0x0000000083e00000, 0x0000000083f00000|  0%| F|  |TAMS 0x0000000083e00000, 0x0000000083e00000| Untracked 
|  41|0x0000000083f00000, 0x0000000083f00000, 0x0000000084000000|  0%| F|  |TAMS 0x0000000083f00000, 0x0000000083f00000| Untracked 
|  42|0x0000000084000000, 0x0000000084000000, 0x0000000084100000|  0%| F|  |TAMS 0x0000000084000000, 0x0000000084000000| Untracked 
|  43|0x0000000084100000, 0x0000000084100000, 0x0000000084200000|  0%| F|  |TAMS 0x0000000084100000, 0x0000000084100000| Untracked 
|  44|0x0000000084200000, 0x0000000084200000, 0x0000000084300000|  0%| F|  |TAMS 0x0000000084200000, 0x0000000084200000| Untracked 
|  45|0x0000000084300000, 0x0000000084300000, 0x0000000084400000|  0%| F|  |TAMS 0x0000000084300000, 0x0000000084300000| Untracked 
|  46|0x0000000084400000, 0x0000000084400000, 0x0000000084500000|  0%| F|  |TAMS 0x0000000084400000, 0x0000000084400000| Untracked 
|  47|0x0000000084500000, 0x0000000084500000, 0x0000000084600000|  0%| F|  |TAMS 0x0000000084500000, 0x0000000084500000| Untracked 
|  48|0x0000000084600000, 0x0000000084600000, 0x0000000084700000|  0%| F|  |TAMS 0x0000000084600000, 0x0000000084600000| Untracked 
|  49|0x0000000084700000, 0x0000000084700000, 0x0000000084800000|  0%| F|  |TAMS 0x0000000084700000, 0x0000000084700000| Untracked 
|  50|0x0000000084800000, 0x0000000084800000, 0x0000000084900000|  0%| F|  |TAMS 0x0000000084800000, 0x0000000084800000| Untracked 
|  51|0x0000000084900000, 0x0000000084900000, 0x0000000084a00000|  0%| F|  |TAMS 0x0000000084900000, 0x0000000084900000| Untracked 
|  52|0x0000000084a00000, 0x0000000084a00000, 0x0000000084b00000|  0%| F|  |TAMS 0x0000000084a00000, 0x0000000084a00000| Untracked 
|  53|0x0000000084b00000, 0x0000000084b00000, 0x0000000084c00000|  0%| F|  |TAMS 0x0000000084b00000, 0x0000000084b00000| Untracked 
|  54|0x0000000084c00000, 0x0000000084c00000, 0x0000000084d00000|  0%| F|  |TAMS 0x0000000084c00000, 0x0000000084c00000| Untracked 
|  55|0x0000000084d00000, 0x0000000084dfca00, 0x0000000084e00000| 98%| S|CS|TAMS 0x0000000084d00000, 0x0000000084d00000| Complete 
|  56|0x0000000084e00000, 0x0000000084e00000, 0x0000000084f00000|  0%| F|  |TAMS 0x0000000084e00000, 0x0000000084e00000| Untracked 
|  57|0x0000000084f00000, 0x0000000084f00000, 0x0000000085000000|  0%| F|  |TAMS 0x0000000084f00000, 0x0000000084f00000| Untracked 
|  58|0x0000000085000000, 0x0000000085000000, 0x0000000085100000|  0%| F|  |TAMS 0x0000000085000000, 0x0000000085000000| Untracked 
|  59|0x0000000085100000, 0x0000000085100000, 0x0000000085200000|  0%| F|  |TAMS 0x0000000085100000, 0x0000000085100000| Untracked 
|  60|0x0000000085200000, 0x0000000085200000, 0x0000000085300000|  0%| F|  |TAMS 0x0000000085200000, 0x0000000085200000| Untracked 
|  61|0x0000000085300000, 0x0000000085300000, 0x0000000085400000|  0%| F|  |TAMS 0x0000000085300000, 0x0000000085300000| Untracked 
|  62|0x0000000085400000, 0x0000000085400000, 0x0000000085500000|  0%| F|  |TAMS 0x0000000085400000, 0x0000000085400000| Untracked 
|  63|0x0000000085500000, 0x0000000085500000, 0x0000000085600000|  0%| F|  |TAMS 0x0000000085500000, 0x0000000085500000| Untracked 
|  64|0x0000000085600000, 0x0000000085600000, 0x0000000085700000|  0%| F|  |TAMS 0x0000000085600000, 0x0000000085600000| Untracked 
|  65|0x0000000085700000, 0x0000000085700000, 0x0000000085800000|  0%| F|  |TAMS 0x0000000085700000, 0x0000000085700000| Untracked 
|  66|0x0000000085800000, 0x0000000085800000, 0x0000000085900000|  0%| F|  |TAMS 0x0000000085800000, 0x0000000085800000| Untracked 
|  67|0x0000000085900000, 0x0000000085900000, 0x0000000085a00000|  0%| F|  |TAMS 0x0000000085900000, 0x0000000085900000| Untracked 
|  68|0x0000000085a00000, 0x0000000085a00000, 0x0000000085b00000|  0%| F|  |TAMS 0x0000000085a00000, 0x0000000085a00000| Untracked 
|  69|0x0000000085b00000, 0x0000000085b00000, 0x0000000085c00000|  0%| F|  |TAMS 0x0000000085b00000, 0x0000000085b00000| Untracked 
|  70|0x0000000085c00000, 0x0000000085d00000, 0x0000000085d00000|100%| E|  |TAMS 0x0000000085c00000, 0x0000000085c00000| Complete 
|  71|0x0000000085d00000, 0x0000000085e00000, 0x0000000085e00000|100%| E|CS|TAMS 0x0000000085d00000, 0x0000000085d00000| Complete 
|  72|0x0000000085e00000, 0x0000000085f00000, 0x0000000085f00000|100%| E|CS|TAMS 0x0000000085e00000, 0x0000000085e00000| Complete 
|  73|0x0000000085f00000, 0x0000000086000000, 0x0000000086000000|100%| E|CS|TAMS 0x0000000085f00000, 0x0000000085f00000| Complete 
|  74|0x0000000086000000, 0x0000000086100000, 0x0000000086100000|100%| E|CS|TAMS 0x0000000086000000, 0x0000000086000000| Complete 
|  75|0x0000000086100000, 0x0000000086200000, 0x0000000086200000|100%| E|CS|TAMS 0x0000000086100000, 0x0000000086100000| Complete 
|  76|0x0000000086200000, 0x0000000086300000, 0x0000000086300000|100%| E|CS|TAMS 0x0000000086200000, 0x0000000086200000| Complete 
|  77|0x0000000086300000, 0x0000000086400000, 0x0000000086400000|100%| E|CS|TAMS 0x0000000086300000, 0x0000000086300000| Complete 
|  78|0x0000000086400000, 0x0000000086500000, 0x0000000086500000|100%| E|CS|TAMS 0x0000000086400000, 0x0000000086400000| Complete 
|  79|0x0000000086500000, 0x0000000086600000, 0x0000000086600000|100%| E|CS|TAMS 0x0000000086500000, 0x0000000086500000| Complete 
|  80|0x0000000086600000, 0x0000000086700000, 0x0000000086700000|100%| E|CS|TAMS 0x0000000086600000, 0x0000000086600000| Complete 
|  81|0x0000000086700000, 0x0000000086800000, 0x0000000086800000|100%| E|CS|TAMS 0x0000000086700000, 0x0000000086700000| Complete 
|  82|0x0000000086800000, 0x0000000086900000, 0x0000000086900000|100%| E|CS|TAMS 0x0000000086800000, 0x0000000086800000| Complete 
| 127|0x0000000089500000, 0x0000000089600000, 0x0000000089600000|100%| E|CS|TAMS 0x0000000089500000, 0x0000000089500000| Complete 

Card table byte_map: [0x000002f6ec160000,0x000002f6ec560000] _byte_map_base: 0x000002f6ebd55000

Marking Bits (Prev, Next): (CMBitMap*) 0x000002f6d2c2c550, (CMBitMap*) 0x000002f6d2c2c590
 Prev Bits: [0x000002f6ec960000, 0x000002f6ee908000)
 Next Bits: [0x000002f6ee910000, 0x000002f6f08b8000)

Polling page: 0x000002f6d2c80000

Metaspace:

Usage:
  Non-class:     50.47 MB used.
      Class:      6.90 MB used.
       Both:     57.37 MB used.

Virtual space:
  Non-class space:       64.00 MB reserved,      50.75 MB ( 79%) committed,  1 nodes.
      Class space:        1.00 GB reserved,       7.19 MB ( <1%) committed,  1 nodes.
             Both:        1.06 GB reserved,      57.94 MB (  5%) committed. 

Chunk freelists:
   Non-Class:  1.17 MB
       Class:  678.00 KB
        Both:  1.83 MB

MaxMetaspaceSize: unlimited
CompressedClassSpaceSize: 1.00 GB
Initial GC threshold: 21.00 MB
Current GC threshold: 59.00 MB
CDS: on
MetaspaceReclaimPolicy: balanced
 - commit_granule_bytes: 65536.
 - commit_granule_words: 8192.
 - virtual_space_node_default_size: 8388608.
 - enlarge_chunks_in_place: 1.
 - new_chunks_are_fully_committed: 0.
 - uncommit_free_chunks: 1.
 - use_allocation_guard: 0.


Internal statistics:

num_allocs_failed_limit: 6.
num_arena_births: 814.
num_arena_deaths: 0.
num_vsnodes_births: 2.
num_vsnodes_deaths: 0.
num_space_committed: 927.
num_space_uncommitted: 0.
num_chunks_returned_to_freelist: 6.
num_chunks_taken_from_freelist: 2662.
num_chunk_merges: 3.
num_chunk_splits: 1898.
num_chunks_enlarged: 1521.
num_inconsistent_stats: 0.

CodeHeap 'non-profiled nmethods': size=120000Kb used=4496Kb max_used=5006Kb free=115503Kb
 bounds [0x000002f6e3dc0000, 0x000002f6e42b0000, 0x000002f6eb2f0000]
CodeHeap 'profiled nmethods': size=120000Kb used=17239Kb max_used=19633Kb free=102760Kb
 bounds [0x000002f6dc2f0000, 0x000002f6dd620000, 0x000002f6e3820000]
CodeHeap 'non-nmethods': size=5760Kb used=1416Kb max_used=1479Kb free=4343Kb
 bounds [0x000002f6e3820000, 0x000002f6e3a90000, 0x000002f6e3dc0000]
 total_blobs=8702 nmethods=8044 adapters=567
 compilation: enabled
              stopped_count=0, restarted_count=0
 full_count=0

Compilation events (20 events):
Event: 18607.480 Thread 0x000002f6f33a42e0 nmethod 9733 0x000002f6e3ed8310 code [0x000002f6e3ed84a0, 0x000002f6e3ed8538]
Event: 18647.942 Thread 0x000002f6f33dc7a0 9734   !   3       java.util.concurrent.locks.AbstractQueuedSynchronizer::acquire (407 bytes)
Event: 18647.947 Thread 0x000002f6f33dc7a0 nmethod 9734 0x000002f6dcacc110 code [0x000002f6dcacc4c0, 0x000002f6dcace128]
Event: 18667.476 Thread 0x000002f6f33dc7a0 9735       3       org.apache.http.impl.execchain.RequestEntityProxy::enhance (42 bytes)
Event: 18667.479 Thread 0x000002f6f33dc7a0 nmethod 9735 0x000002f6dc516590 code [0x000002f6dc516780, 0x000002f6dc516e68]
Event: 18735.964 Thread 0x000002f6f33a42e0 9736       4       java.util.HashMap$Values::toArray (16 bytes)
Event: 18735.994 Thread 0x000002f6f33a42e0 nmethod 9736 0x000002f6e423b210 code [0x000002f6e423b3c0, 0x000002f6e423baa8]
Event: 18787.519 Thread 0x000002f6f33a42e0 9737       4       org.apache.http.message.BasicTokenIterator::findNext (91 bytes)
Event: 18787.648 Thread 0x000002f6f33a42e0 nmethod 9737 0x000002f6e3fbef90 code [0x000002f6e3fbf2e0, 0x000002f6e3fc1950]
Event: 18787.648 Thread 0x000002f6f33a42e0 9738       4       org.apache.http.message.BasicTokenIterator::findTokenStart (192 bytes)
Event: 18787.657 Thread 0x000002f6f33a42e0 nmethod 9738 0x000002f6e409cb10 code [0x000002f6e409cd20, 0x000002f6e409d530]
Event: 18817.538 Thread 0x000002f6f33a42e0 9739       4       com.fasterxml.jackson.databind.deser.DeserializerCache::_findCachedDeserializer (36 bytes)
Event: 18817.565 Thread 0x000002f6f33a42e0 nmethod 9739 0x000002f6e40afd10 code [0x000002f6e40afee0, 0x000002f6e40b0368]
Event: 18967.584 Thread 0x000002f6f33dc7a0 9740       3       org.apache.http.client.entity.DecompressingEntity::getDecompressingStream (23 bytes)
Event: 18967.602 Thread 0x000002f6f33dc7a0 nmethod 9740 0x000002f6dc426e10 code [0x000002f6dc426fe0, 0x000002f6dc4273e8]
Event: 18967.603 Thread 0x000002f6f33dc7a0 9741       3       com.netflix.servo.monitor.MaxGauge::updateMax (49 bytes)
Event: 18967.611 Thread 0x000002f6f33dc7a0 nmethod 9741 0x000002f6dc4b0010 code [0x000002f6dc4b0200, 0x000002f6dc4b0678]
Event: 18976.162 Thread 0x000002f6f33a42e0 9742   !   4       org.apache.catalina.core.ContainerBase::getRealmInternal (38 bytes)
Event: 18976.230 Thread 0x000002f6f33a42e0 nmethod 9742 0x000002f6e40d0610 code [0x000002f6e40d0840, 0x000002f6e40d11a0]
Event: 18986.172 Thread 0x000002f6f33a42e0 9743   !   4       org.apache.catalina.core.ContainerBase$ContainerBackgroundProcessor::processChildren (202 bytes)

GC Heap History (20 events):
Event: 5.014 GC heap before
{Heap before GC invocations=6 (full 0):
 garbage-first heap   total 55296K, used 34816K [0x0000000081600000, 0x0000000100000000)
  region size 1024K, 20 young (20480K), 1 survivors (1024K)
 Metaspace       used 30211K, committed 30528K, reserved 1114112K
  class space    used 3693K, committed 3840K, reserved 1048576K
}
Event: 5.020 GC heap after
{Heap after GC invocations=7 (full 0):
 garbage-first heap   total 55296K, used 18054K [0x0000000081600000, 0x0000000100000000)
  region size 1024K, 3 young (3072K), 3 survivors (3072K)
 Metaspace       used 30211K, committed 30528K, reserved 1114112K
  class space    used 3693K, committed 3840K, reserved 1048576K
}
Event: 5.471 GC heap before
{Heap before GC invocations=7 (full 0):
 garbage-first heap   total 55296K, used 38534K [0x0000000081600000, 0x0000000100000000)
  region size 1024K, 22 young (22528K), 3 survivors (3072K)
 Metaspace       used 32583K, committed 32960K, reserved 1114112K
  class space    used 3974K, committed 4160K, reserved 1048576K
}
Event: 5.478 GC heap after
{Heap after GC invocations=8 (full 0):
 garbage-first heap   total 55296K, used 19382K [0x0000000081600000, 0x0000000100000000)
  region size 1024K, 2 young (2048K), 2 survivors (2048K)
 Metaspace       used 32583K, committed 32960K, reserved 1114112K
  class space    used 3974K, committed 4160K, reserved 1048576K
}
Event: 6.244 GC heap before
{Heap before GC invocations=8 (full 0):
 garbage-first heap   total 55296K, used 36790K [0x0000000081600000, 0x0000000100000000)
  region size 1024K, 20 young (20480K), 2 survivors (2048K)
 Metaspace       used 35720K, committed 36096K, reserved 1114112K
  class space    used 4498K, committed 4672K, reserved 1048576K
}
Event: 6.247 GC heap after
{Heap after GC invocations=9 (full 0):
 garbage-first heap   total 55296K, used 20945K [0x0000000081600000, 0x0000000100000000)
  region size 1024K, 3 young (3072K), 3 survivors (3072K)
 Metaspace       used 35720K, committed 36096K, reserved 1114112K
  class space    used 4498K, committed 4672K, reserved 1048576K
}
Event: 6.862 GC heap before
{Heap before GC invocations=10 (full 0):
 garbage-first heap   total 55296K, used 39377K [0x0000000081600000, 0x0000000100000000)
  region size 1024K, 22 young (22528K), 3 survivors (3072K)
 Metaspace       used 38142K, committed 38528K, reserved 1114112K
  class space    used 4824K, committed 4992K, reserved 1048576K
}
Event: 6.867 GC heap after
{Heap after GC invocations=11 (full 0):
 garbage-first heap   total 55296K, used 22786K [0x0000000081600000, 0x0000000100000000)
  region size 1024K, 2 young (2048K), 2 survivors (2048K)
 Metaspace       used 38142K, committed 38528K, reserved 1114112K
  class space    used 4824K, committed 4992K, reserved 1048576K
}
Event: 6.896 GC heap before
{Heap before GC invocations=11 (full 0):
 garbage-first heap   total 55296K, used 23810K [0x0000000081600000, 0x0000000100000000)
  region size 1024K, 3 young (3072K), 2 survivors (2048K)
 Metaspace       used 38356K, committed 38784K, reserved 1114112K
  class space    used 4856K, committed 5056K, reserved 1048576K
}
Event: 6.900 GC heap after
{Heap after GC invocations=12 (full 0):
 garbage-first heap   total 55296K, used 22643K [0x0000000081600000, 0x0000000100000000)
  region size 1024K, 1 young (1024K), 1 survivors (1024K)
 Metaspace       used 38356K, committed 38784K, reserved 1114112K
  class space    used 4856K, committed 5056K, reserved 1048576K
}
Event: 7.706 GC heap before
{Heap before GC invocations=12 (full 0):
 garbage-first heap   total 55296K, used 40051K [0x0000000081600000, 0x0000000100000000)
  region size 1024K, 19 young (19456K), 1 survivors (1024K)
 Metaspace       used 42179K, committed 42624K, reserved 1114112K
  class space    used 5253K, committed 5440K, reserved 1048576K
}
Event: 7.708 GC heap after
{Heap after GC invocations=13 (full 0):
 garbage-first heap   total 86016K, used 24056K [0x0000000081600000, 0x0000000100000000)
  region size 1024K, 2 young (2048K), 2 survivors (2048K)
 Metaspace       used 42179K, committed 42624K, reserved 1114112K
  class space    used 5253K, committed 5440K, reserved 1048576K
}
Event: 10.270 GC heap before
{Heap before GC invocations=13 (full 0):
 garbage-first heap   total 86016K, used 65016K [0x0000000081600000, 0x0000000100000000)
  region size 1024K, 41 young (41984K), 2 survivors (2048K)
 Metaspace       used 49661K, committed 50112K, reserved 1114112K
  class space    used 6205K, committed 6400K, reserved 1048576K
}
Event: 10.276 GC heap after
{Heap after GC invocations=14 (full 0):
 garbage-first heap   total 86016K, used 30935K [0x0000000081600000, 0x0000000100000000)
  region size 1024K, 6 young (6144K), 6 survivors (6144K)
 Metaspace       used 49661K, committed 50112K, reserved 1114112K
  class space    used 6205K, committed 6400K, reserved 1048576K
}
Event: 100.812 GC heap before
{Heap before GC invocations=14 (full 0):
 garbage-first heap   total 86016K, used 63703K [0x0000000081600000, 0x0000000100000000)
  region size 1024K, 39 young (39936K), 6 survivors (6144K)
 Metaspace       used 56580K, committed 57152K, reserved 1114112K
  class space    used 7062K, committed 7360K, reserved 1048576K
}
Event: 100.845 GC heap after
{Heap after GC invocations=15 (full 0):
 garbage-first heap   total 86016K, used 34407K [0x0000000081600000, 0x0000000100000000)
  region size 1024K, 4 young (4096K), 4 survivors (4096K)
 Metaspace       used 56580K, committed 57152K, reserved 1114112K
  class space    used 7062K, committed 7360K, reserved 1048576K
}
Event: 4452.618 GC heap before
{Heap before GC invocations=15 (full 0):
 garbage-first heap   total 86016K, used 69223K [0x0000000081600000, 0x0000000100000000)
  region size 1024K, 35 young (35840K), 4 survivors (4096K)
 Metaspace       used 57682K, committed 58240K, reserved 1114112K
  class space    used 7066K, committed 7360K, reserved 1048576K
}
Event: 4452.705 GC heap after
{Heap after GC invocations=16 (full 0):
 garbage-first heap   total 86016K, used 39195K [0x0000000081600000, 0x0000000100000000)
  region size 1024K, 2 young (2048K), 2 survivors (2048K)
 Metaspace       used 57682K, committed 58240K, reserved 1114112K
  class space    used 7066K, committed 7360K, reserved 1048576K
}
Event: 12256.406 GC heap before
{Heap before GC invocations=16 (full 0):
 garbage-first heap   total 86016K, used 67867K [0x0000000081600000, 0x0000000100000000)
  region size 1024K, 30 young (30720K), 2 survivors (2048K)
 Metaspace       used 58612K, committed 59200K, reserved 1114112K
  class space    used 7068K, committed 7360K, reserved 1048576K
}
Event: 12256.441 GC heap after
{Heap after GC invocations=17 (full 0):
 garbage-first heap   total 86016K, used 38679K [0x0000000081600000, 0x0000000100000000)
  region size 1024K, 1 young (1024K), 1 survivors (1024K)
 Metaspace       used 58612K, committed 59200K, reserved 1114112K
  class space    used 7068K, committed 7360K, reserved 1048576K
}

Dll operation events (14 events):
Event: 0.014 Loaded shared library C:\Program Files\Java\jdk-19\bin\java.dll
Event: 0.026 Loaded shared library C:\Program Files\Java\jdk-19\bin\jsvml.dll
Event: 0.227 Loaded shared library C:\Program Files\Java\jdk-19\bin\zip.dll
Event: 0.240 Loaded shared library C:\Program Files\Java\jdk-19\bin\instrument.dll
Event: 0.248 Loaded shared library C:\Program Files\Java\jdk-19\bin\net.dll
Event: 0.251 Loaded shared library C:\Program Files\Java\jdk-19\bin\nio.dll
Event: 0.255 Loaded shared library C:\Program Files\Java\jdk-19\bin\zip.dll
Event: 0.449 Loaded shared library C:\Program Files\JetBrains\IntelliJ IDEA Community Edition 2023.2.2\bin\breakgen64.dll
Event: 0.462 Loaded shared library C:\Program Files\Java\jdk-19\bin\extnet.dll
Event: 0.478 Loaded shared library C:\Program Files\Java\jdk-19\bin\verify.dll
Event: 0.492 Loaded shared library C:\Program Files\Java\jdk-19\bin\jimage.dll
Event: 1.586 Loaded shared library C:\Program Files\Java\jdk-19\bin\management.dll
Event: 1.590 Loaded shared library C:\Program Files\Java\jdk-19\bin\management_ext.dll
Event: 5.263 Loaded shared library C:\Program Files\Java\jdk-19\bin\sunmscapi.dll

Deoptimization events (20 events):
Event: 18605.963 Thread 0x000002f6f99baab0 Uncommon trap: trap_request=0xffffff45 fr.pc=0x000002f6e420920c relative=0x0000000000000d2c
Event: 18605.963 Thread 0x000002f6f99baab0 Uncommon trap: reason=unstable_if action=reinterpret pc=0x000002f6e420920c method=java.util.concurrent.locks.AbstractQueuedSynchronizer.acquire(Ljava/util/concurrent/locks/AbstractQueuedSynchronizer$Node;IZZZJ)I @ 103 c2
Event: 18605.963 Thread 0x000002f6f99baab0 DEOPT PACKING pc=0x000002f6e420920c sp=0x000000ffe96fea20
Event: 18605.963 Thread 0x000002f6f99baab0 DEOPT UNPACKING pc=0x000002f6e3886da3 sp=0x000000ffe96fe9f0 mode 2
Event: 18607.339 Thread 0x000002f6f99baab0 Uncommon trap: trap_request=0xffffffd6 fr.pc=0x000002f6e42a20d0 relative=0x0000000000000530
Event: 18607.339 Thread 0x000002f6f99baab0 Uncommon trap: reason=array_check action=maybe_recompile pc=0x000002f6e42a20d0 method=java.util.LinkedHashMap.valuesToArray([Ljava/lang/Object;)[Ljava/lang/Object; @ 25 c2
Event: 18607.339 Thread 0x000002f6f99baab0 DEOPT PACKING pc=0x000002f6e42a20d0 sp=0x000000ffe96fd7c0
Event: 18607.339 Thread 0x000002f6f99baab0 DEOPT UNPACKING pc=0x000002f6e3886da3 sp=0x000000ffe96fd768 mode 2
Event: 18607.341 Thread 0x000002f6f99baab0 Uncommon trap: trap_request=0xffffffd6 fr.pc=0x000002f6e42a20d0 relative=0x0000000000000530
Event: 18607.341 Thread 0x000002f6f99baab0 Uncommon trap: reason=array_check action=maybe_recompile pc=0x000002f6e42a20d0 method=java.util.LinkedHashMap.valuesToArray([Ljava/lang/Object;)[Ljava/lang/Object; @ 25 c2
Event: 18607.341 Thread 0x000002f6f99baab0 DEOPT PACKING pc=0x000002f6e42a20d0 sp=0x000000ffe96fd870
Event: 18607.341 Thread 0x000002f6f99baab0 DEOPT UNPACKING pc=0x000002f6e3886da3 sp=0x000000ffe96fd818 mode 2
Event: 18607.352 Thread 0x000002f6f99bda80 Uncommon trap: trap_request=0xffffffd6 fr.pc=0x000002f6e42a20d0 relative=0x0000000000000530
Event: 18607.352 Thread 0x000002f6f99bda80 Uncommon trap: reason=array_check action=maybe_recompile pc=0x000002f6e42a20d0 method=java.util.LinkedHashMap.valuesToArray([Ljava/lang/Object;)[Ljava/lang/Object; @ 25 c2
Event: 18607.352 Thread 0x000002f6f99bda80 DEOPT PACKING pc=0x000002f6e42a20d0 sp=0x000000ffe82fcf00
Event: 18607.352 Thread 0x000002f6f99bda80 DEOPT UNPACKING pc=0x000002f6e3886da3 sp=0x000000ffe82fcea8 mode 2
Event: 18607.353 Thread 0x000002f6f99bda80 Uncommon trap: trap_request=0xffffffd6 fr.pc=0x000002f6e42a20d0 relative=0x0000000000000530
Event: 18607.353 Thread 0x000002f6f99bda80 Uncommon trap: reason=array_check action=maybe_recompile pc=0x000002f6e42a20d0 method=java.util.LinkedHashMap.valuesToArray([Ljava/lang/Object;)[Ljava/lang/Object; @ 25 c2
Event: 18607.353 Thread 0x000002f6f99bda80 DEOPT PACKING pc=0x000002f6e42a20d0 sp=0x000000ffe82fcf00
Event: 18607.353 Thread 0x000002f6f99bda80 DEOPT UNPACKING pc=0x000002f6e3886da3 sp=0x000000ffe82fcea8 mode 2

Classes loaded (20 events):
Event: 40.985 Loading class sun/nio/ch/SocketAdaptor
Event: 40.985 Loading class sun/nio/ch/SocketAdaptor done
Event: 40.986 Loading class sun/nio/ch/SocketChannelImpl$DefaultOptionsHolder
Event: 40.986 Loading class sun/nio/ch/SocketChannelImpl$DefaultOptionsHolder done
Event: 40.987 Loading class sun/nio/ch/SelectionKeyImpl
Event: 40.987 Loading class java/nio/channels/spi/AbstractSelectionKey
Event: 40.987 Loading class java/nio/channels/SelectionKey
Event: 40.987 Loading class java/nio/channels/SelectionKey done
Event: 40.987 Loading class java/nio/channels/spi/AbstractSelectionKey done
Event: 40.987 Loading class sun/nio/ch/SelectionKeyImpl done
Event: 40.987 Loading class java/lang/invoke/ConstantBootstraps
Event: 40.987 Loading class java/lang/invoke/ConstantBootstraps done
Event: 41.108 Loading class java/nio/file/DirectoryIteratorException
Event: 41.109 Loading class java/nio/file/DirectoryIteratorException done
Event: 50.139 Loading class sun/net/ConnectionResetException
Event: 50.139 Loading class sun/net/ConnectionResetException done
Event: 4092.057 Loading class java/util/concurrent/locks/ReentrantReadWriteLock$Sync$HoldCounter
Event: 4092.089 Loading class java/util/concurrent/locks/ReentrantReadWriteLock$Sync$HoldCounter done
Event: 18605.969 Loading class java/util/concurrent/locks/AbstractQueuedSynchronizer$SharedNode
Event: 18605.988 Loading class java/util/concurrent/locks/AbstractQueuedSynchronizer$SharedNode done

Classes unloaded (0 events):
No events

Classes redefined (0 events):
No events

Internal exceptions (20 events):
Event: 1680.971 Thread 0x000002f6f9e8e5c0 Exception <a 'sun/nio/fs/WindowsException'{0x0000000084fe59b8}> (0x0000000084fe59b8) 
thrown [s\open\src\hotspot\share\prims\jni.cpp, line 517]
Event: 4452.730 Thread 0x000002f6f3396640 Exception <a 'java/net/SocketException'{0x000000008954aa30}: Connection reset by peer: shutdown> (0x000000008954aa30) 
thrown [s\open\src\hotspot\share\prims\jni.cpp, line 536]
Event: 4452.731 Thread 0x000002f6f3396640 Exception <a 'java/net/SocketException'{0x000000008954aff0}: Connection reset by peer: shutdown> (0x000000008954aff0) 
thrown [s\open\src\hotspot\share\prims\jni.cpp, line 536]
Event: 4452.733 Thread 0x000002f6f3396640 Exception <a 'java/net/SocketException'{0x0000000089552a68}: Connection reset by peer: shutdown> (0x0000000089552a68) 
thrown [s\open\src\hotspot\share\prims\jni.cpp, line 536]
Event: 5387.955 Thread 0x000002f6f8e4c300 Implicit null exception at 0x000002f6e422db2b to 0x000002f6e422ddd8
Event: 5388.943 Thread 0x000002f6f8e4c300 Implicit null exception at 0x000002f6e422db2b to 0x000002f6e422ddd8
Event: 5389.938 Thread 0x000002f6f8e4c300 Implicit null exception at 0x000002f6e422db2b to 0x000002f6e422ddd8
Event: 5390.937 Thread 0x000002f6f8e4c300 Implicit null exception at 0x000002f6e422db2b to 0x000002f6e422ddd8
Event: 12256.445 Thread 0x000002f6f3396640 Exception <a 'java/net/SocketException'{0x000000008950bf70}: Connection reset by peer: shutdown> (0x000000008950bf70) 
thrown [s\open\src\hotspot\share\prims\jni.cpp, line 536]
Event: 12256.447 Thread 0x000002f6f3396640 Exception <a 'java/net/SocketException'{0x000000008950c3d0}: Connection reset by peer: shutdown> (0x000000008950c3d0) 
thrown [s\open\src\hotspot\share\prims\jni.cpp, line 536]
Event: 12256.447 Thread 0x000002f6f3396640 Exception <a 'java/net/SocketException'{0x000000008950c830}: Connection reset by peer: shutdown> (0x000000008950c830) 
thrown [s\open\src\hotspot\share\prims\jni.cpp, line 536]
Event: 12256.447 Thread 0x000002f6f3396640 Exception <a 'java/net/SocketException'{0x000000008950cd40}: Connection reset by peer: shutdown> (0x000000008950cd40) 
thrown [s\open\src\hotspot\share\prims\jni.cpp, line 536]
Event: 12256.448 Thread 0x000002f6f3396640 Exception <a 'java/net/SocketException'{0x000000008950d250}: Connection reset by peer: shutdown> (0x000000008950d250) 
thrown [s\open\src\hotspot\share\prims\jni.cpp, line 536]
Event: 12256.448 Thread 0x000002f6f3396640 Exception <a 'java/net/SocketException'{0x000000008950d760}: Connection reset by peer: shutdown> (0x000000008950d760) 
thrown [s\open\src\hotspot\share\prims\jni.cpp, line 536]
Event: 12256.448 Thread 0x000002f6f3396640 Exception <a 'java/net/SocketException'{0x000000008950dc70}: Connection reset by peer: shutdown> (0x000000008950dc70) 
thrown [s\open\src\hotspot\share\prims\jni.cpp, line 536]
Event: 12256.448 Thread 0x000002f6f3396640 Exception <a 'java/net/SocketException'{0x000000008950e2e0}: Connection reset by peer: shutdown> (0x000000008950e2e0) 
thrown [s\open\src\hotspot\share\prims\jni.cpp, line 536]
Event: 12256.449 Thread 0x000002f6f3396640 Exception <a 'java/net/SocketException'{0x000000008950e7f0}: Connection reset by peer: shutdown> (0x000000008950e7f0) 
thrown [s\open\src\hotspot\share\prims\jni.cpp, line 536]
Event: 12256.449 Thread 0x000002f6f3396640 Exception <a 'java/net/SocketException'{0x000000008950ed00}: Connection reset by peer: shutdown> (0x000000008950ed00) 
thrown [s\open\src\hotspot\share\prims\jni.cpp, line 536]
Event: 12256.449 Thread 0x000002f6f3396640 Exception <a 'java/net/SocketException'{0x000000008950f210}: Connection reset by peer: shutdown> (0x000000008950f210) 
thrown [s\open\src\hotspot\share\prims\jni.cpp, line 536]
Event: 12256.449 Thread 0x000002f6f3396640 Exception <a 'java/net/SocketException'{0x000000008950f720}: Connection reset by peer: shutdown> (0x000000008950f720) 
thrown [s\open\src\hotspot\share\prims\jni.cpp, line 536]

VM Operations (20 events):
Event: 14959.255 Executing VM operation: Cleanup
Event: 14959.257 Executing VM operation: Cleanup done
Event: 15050.604 Executing VM operation: HandshakeAllThreads
Event: 15050.607 Executing VM operation: HandshakeAllThreads done
Event: 15050.607 Executing VM operation: Cleanup
Event: 15050.608 Executing VM operation: Cleanup done
Event: 15051.618 Executing VM operation: Cleanup
Event: 15051.619 Executing VM operation: Cleanup done
Event: 15139.045 Executing VM operation: HandshakeAllThreads
Event: 15139.050 Executing VM operation: HandshakeAllThreads done
Event: 15169.235 Executing VM operation: Cleanup
Event: 15169.237 Executing VM operation: Cleanup done
Event: 15171.248 Executing VM operation: Cleanup
Event: 15171.249 Executing VM operation: Cleanup done
Event: 18607.353 Executing VM operation: HandshakeAllThreads
Event: 18607.357 Executing VM operation: HandshakeAllThreads done
Event: 18608.369 Executing VM operation: Cleanup
Event: 18608.370 Executing VM operation: Cleanup done
Event: 18746.264 Executing VM operation: Cleanup
Event: 18746.266 Executing VM operation: Cleanup done

Events (20 events):
Event: 18607.757 Thread 0x000002f6f754d150 flushing nmethod 0x000002f6dcfe7890
Event: 18607.762 Thread 0x000002f6f754d150 flushing nmethod 0x000002f6dcffcf90
Event: 18607.763 Thread 0x000002f6f754d150 flushing nmethod 0x000002f6dd019290
Event: 18607.763 Thread 0x000002f6f754d150 flushing nmethod 0x000002f6dd019b10
Event: 18607.763 Thread 0x000002f6f754d150 flushing nmethod 0x000002f6dd01a690
Event: 18607.763 Thread 0x000002f6f754d150 flushing nmethod 0x000002f6dd01af90
Event: 18607.775 Thread 0x000002f6f754d150 flushing nmethod 0x000002f6dd0b4b10
Event: 18607.775 Thread 0x000002f6f754d150 flushing nmethod 0x000002f6dd0c0890
Event: 18607.776 Thread 0x000002f6f754d150 flushing nmethod 0x000002f6dd0da090
Event: 18607.777 Thread 0x000002f6f754d150 flushing nmethod 0x000002f6dd0f0710
Event: 18607.777 Thread 0x000002f6f754d150 flushing nmethod 0x000002f6dd0fd190
Event: 18607.778 Thread 0x000002f6f754d150 flushing nmethod 0x000002f6dd11ba90
Event: 18607.786 Thread 0x000002f6f754d150 flushing nmethod 0x000002f6dd1e7590
Event: 18607.786 Thread 0x000002f6f754d150 flushing nmethod 0x000002f6dd1f1690
Event: 18607.786 Thread 0x000002f6f754d150 flushing nmethod 0x000002f6dd208f10
Event: 18607.786 Thread 0x000002f6f754d150 flushing nmethod 0x000002f6dd219a10
Event: 18607.787 Thread 0x000002f6f754d150 flushing nmethod 0x000002f6dd219e10
Event: 18607.787 Thread 0x000002f6f754d150 flushing nmethod 0x000002f6dd23d910
Event: 18607.789 Thread 0x000002f6f754d150 flushing nmethod 0x000002f6dd253490
Event: 18607.791 Thread 0x000002f6f754d150 flushing nmethod 0x000002f6dd2cd890


Dynamic libraries:
0x00007ff6b4810000 - 0x00007ff6b4820000 	C:\Program Files\Java\jdk-19\bin\java.exe
0x00007ffcc8c70000 - 0x00007ffcc8e87000 	C:\WINDOWS\SYSTEM32\ntdll.dll
0x00007ffcc7780000 - 0x00007ffcc7844000 	C:\WINDOWS\System32\KERNEL32.DLL
0x00007ffcc6160000 - 0x00007ffcc6506000 	C:\WINDOWS\System32\KERNELBASE.dll
0x00007ffcc68b0000 - 0x00007ffcc69c1000 	C:\WINDOWS\System32\ucrtbase.dll
0x00007ffcac4d0000 - 0x00007ffcac4e8000 	C:\Program Files\Java\jdk-19\bin\jli.dll
0x00007ffcc7350000 - 0x00007ffcc7400000 	C:\WINDOWS\System32\ADVAPI32.dll
0x00007ffcc6a40000 - 0x00007ffcc6ae7000 	C:\WINDOWS\System32\msvcrt.dll
0x00007ffca1d70000 - 0x00007ffca1d8b000 	C:\Program Files\Java\jdk-19\bin\VCRUNTIME140.dll
0x00007ffcc75b0000 - 0x00007ffcc7656000 	C:\WINDOWS\System32\sechost.dll
0x00007ffcc7660000 - 0x00007ffcc7777000 	C:\WINDOWS\System32\RPCRT4.dll
0x00007ffcc7950000 - 0x00007ffcc7afd000 	C:\WINDOWS\System32\USER32.dll
0x00007ffcc5ff0000 - 0x00007ffcc6016000 	C:\WINDOWS\System32\win32u.dll
0x00007ffcc7920000 - 0x00007ffcc7949000 	C:\WINDOWS\System32\GDI32.dll
0x00007ffcb05b0000 - 0x00007ffcb0843000 	C:\WINDOWS\WinSxS\amd64_microsoft.windows.common-controls_6595b64144ccf1df_6.0.22621.2361_none_2712ced57382f843\COMCTL32.dll
0x00007ffcc65b0000 - 0x00007ffcc66c8000 	C:\WINDOWS\System32\gdi32full.dll
0x00007ffcc6510000 - 0x00007ffcc65aa000 	C:\WINDOWS\System32\msvcp_win.dll
0x00007ffcbb220000 - 0x00007ffcbb22a000 	C:\WINDOWS\SYSTEM32\VERSION.dll
0x00007ffcc6d80000 - 0x00007ffcc6db1000 	C:\WINDOWS\System32\IMM32.DLL
0x00007ffcad250000 - 0x00007ffcad25c000 	C:\Program Files\Java\jdk-19\bin\vcruntime140_1.dll
0x00007ffc73e90000 - 0x00007ffc73f1e000 	C:\Program Files\Java\jdk-19\bin\msvcp140.dll
0x00007ffc63470000 - 0x00007ffc64130000 	C:\Program Files\Java\jdk-19\bin\server\jvm.dll
0x00007ffcbd170000 - 0x00007ffcbd1a4000 	C:\WINDOWS\SYSTEM32\WINMM.dll
0x00007ffcaaf00000 - 0x00007ffcaaf09000 	C:\WINDOWS\SYSTEM32\WSOCK32.dll
0x00007ffcc7510000 - 0x00007ffcc7581000 	C:\WINDOWS\System32\WS2_32.dll
0x00007ffcc4f90000 - 0x00007ffcc4fa8000 	C:\WINDOWS\SYSTEM32\kernel.appcore.dll
0x00007ffcac4c0000 - 0x00007ffcac4ca000 	C:\Program Files\Java\jdk-19\bin\jimage.dll
0x00007ffcc30d0000 - 0x00007ffcc32fe000 	C:\WINDOWS\SYSTEM32\DBGHELP.DLL
0x00007ffcc6fc0000 - 0x00007ffcc734a000 	C:\WINDOWS\System32\combase.dll
0x00007ffcc7420000 - 0x00007ffcc74f7000 	C:\WINDOWS\System32\OLEAUT32.dll
0x00007ffca97b0000 - 0x00007ffca97e2000 	C:\WINDOWS\SYSTEM32\dbgcore.DLL
0x00007ffcc60e0000 - 0x00007ffcc615a000 	C:\WINDOWS\System32\bcryptPrimitives.dll
0x00007ffcbfbf0000 - 0x00007ffcbfbfe000 	C:\Program Files\Java\jdk-19\bin\instrument.dll
0x00007ffc93da0000 - 0x00007ffc93dc6000 	C:\Program Files\Java\jdk-19\bin\java.dll
0x00007ffc73700000 - 0x00007ffc737d7000 	C:\Program Files\Java\jdk-19\bin\jsvml.dll
0x00007ffcc83c0000 - 0x00007ffcc8c18000 	C:\WINDOWS\System32\SHELL32.dll
0x00007ffcc3f00000 - 0x00007ffcc47f2000 	C:\WINDOWS\SYSTEM32\windows.storage.dll
0x00007ffcc3dc0000 - 0x00007ffcc3efe000 	C:\WINDOWS\SYSTEM32\wintypes.dll
0x00007ffcc6dc0000 - 0x00007ffcc6eb3000 	C:\WINDOWS\System32\SHCORE.dll
0x00007ffcc78b0000 - 0x00007ffcc790e000 	C:\WINDOWS\System32\shlwapi.dll
0x00007ffcc5f20000 - 0x00007ffcc5f46000 	C:\WINDOWS\SYSTEM32\profapi.dll
0x00007ffc926d0000 - 0x00007ffc926e8000 	C:\Program Files\Java\jdk-19\bin\zip.dll
0x00007ffc988a0000 - 0x00007ffc988b3000 	C:\Program Files\Java\jdk-19\bin\net.dll
0x00007ffcbd640000 - 0x00007ffcbd777000 	C:\WINDOWS\SYSTEM32\WINHTTP.dll
0x00007ffcc54c0000 - 0x00007ffcc5529000 	C:\WINDOWS\system32\mswsock.dll
0x00007ffc94b10000 - 0x00007ffc94b26000 	C:\Program Files\Java\jdk-19\bin\nio.dll
0x00007ffcb3b80000 - 0x00007ffcb3b9a000 	C:\Program Files\JetBrains\IntelliJ IDEA Community Edition 2023.2.2\bin\breakgen64.dll
0x00007ffcabea0000 - 0x00007ffcabea8000 	C:\Program Files\Java\jdk-19\bin\extnet.dll
0x00007ffca8e20000 - 0x00007ffca8e30000 	C:\Program Files\Java\jdk-19\bin\verify.dll
0x00007ffcc4aa0000 - 0x00007ffcc4acd000 	C:\WINDOWS\SYSTEM32\IPHLPAPI.DLL
0x00007ffcc7500000 - 0x00007ffcc7509000 	C:\WINDOWS\System32\NSI.dll
0x00007ffcbd950000 - 0x00007ffcbd969000 	C:\WINDOWS\SYSTEM32\dhcpcsvc6.DLL
0x00007ffcbd930000 - 0x00007ffcbd94f000 	C:\WINDOWS\SYSTEM32\dhcpcsvc.DLL
0x00007ffcc4ad0000 - 0x00007ffcc4bc9000 	C:\WINDOWS\SYSTEM32\DNSAPI.dll
0x00007ffcb4c40000 - 0x00007ffcb4c4a000 	C:\Windows\System32\rasadhlp.dll
0x00007ffcbbd60000 - 0x00007ffcbbde4000 	C:\WINDOWS\System32\fwpuclnt.dll
0x00007ffcc2f00000 - 0x00007ffcc2f0a000 	C:\Program Files\Java\jdk-19\bin\management.dll
0x00007ffcc2ef0000 - 0x00007ffcc2efb000 	C:\Program Files\Java\jdk-19\bin\management_ext.dll
0x00007ffcc6d70000 - 0x00007ffcc6d78000 	C:\WINDOWS\System32\PSAPI.DLL
0x00007ffc90e80000 - 0x00007ffc90e97000 	C:\WINDOWS\system32\napinsp.dll
0x00007ffc90d70000 - 0x00007ffc90d8b000 	C:\WINDOWS\system32\pnrpnsp.dll
0x00007ffc90d50000 - 0x00007ffc90d61000 	C:\WINDOWS\System32\winrnr.dll
0x00007ffcbdab0000 - 0x00007ffcbdac5000 	C:\WINDOWS\system32\wshbth.dll
0x00007ffc90d00000 - 0x00007ffc90d21000 	C:\WINDOWS\system32\nlansp_c.dll
0x00007ffcc56f0000 - 0x00007ffcc570b000 	C:\WINDOWS\SYSTEM32\CRYPTSP.dll
0x00007ffcc4f50000 - 0x00007ffcc4f85000 	C:\WINDOWS\system32\rsaenh.dll
0x00007ffcc5580000 - 0x00007ffcc55ac000 	C:\WINDOWS\SYSTEM32\USERENV.dll
0x00007ffcc5990000 - 0x00007ffcc59b8000 	C:\WINDOWS\SYSTEM32\bcrypt.dll
0x00007ffcc5710000 - 0x00007ffcc571c000 	C:\WINDOWS\SYSTEM32\CRYPTBASE.dll
0x00007ffcc1200000 - 0x00007ffcc120e000 	C:\Program Files\Java\jdk-19\bin\sunmscapi.dll
0x00007ffcc6740000 - 0x00007ffcc68a6000 	C:\WINDOWS\System32\CRYPT32.dll
0x00007ffcc5960000 - 0x00007ffcc598d000 	C:\WINDOWS\SYSTEM32\ncrypt.dll
0x00007ffcc5920000 - 0x00007ffcc5957000 	C:\WINDOWS\SYSTEM32\NTASN1.dll
0x00007ffcb45c0000 - 0x00007ffcb45c8000 	C:\WINDOWS\system32\wshunix.dll

dbghelp: loaded successfully - version: 4.0.5 - missing functions: none
symbol engine: initialized successfully - sym options: 0x614 - pdb path: .;C:\Program Files\Java\jdk-19\bin;C:\WINDOWS\SYSTEM32;C:\WINDOWS\WinSxS\amd64_microsoft.windows.common-controls_6595b64144ccf1df_6.0.22621.2361_none_2712ced57382f843;C:\Program Files\Java\jdk-19\bin\server;C:\Program Files\JetBrains\IntelliJ IDEA Community Edition 2023.2.2\bin

VM Arguments:
jvm_args: -javaagent:C:\Program Files\JetBrains\IntelliJ IDEA Community Edition 2023.2.2\lib\idea_rt.jar=63293:C:\Program Files\JetBrains\IntelliJ IDEA Community Edition 2023.2.2\bin -Dfile.encoding=UTF-8 -Dsun.stdout.encoding=UTF-8 -Dsun.stderr.encoding=UTF-8 
java_command: net.javaguides.configserver.ConfigServerApplication
java_class_path (initial): C:\Users\akash\Desktop\springboot_project_microservice\config-server\config-server\target\classes;C:\Users\akash\.m2\repository\org\springframework\boot\spring-boot-starter-actuator\2.7.17\spring-boot-starter-actuator-2.7.17.jar;C:\Users\akash\.m2\repository\org\springframework\boot\spring-boot-starter\2.7.17\spring-boot-starter-2.7.17.jar;C:\Users\akash\.m2\repository\org\springframework\boot\spring-boot\2.7.17\spring-boot-2.7.17.jar;C:\Users\akash\.m2\repository\org\springframework\spring-context\5.3.30\spring-context-5.3.30.jar;C:\Users\akash\.m2\repository\org\springframework\boot\spring-boot-autoconfigure\2.7.17\spring-boot-autoconfigure-2.7.17.jar;C:\Users\akash\.m2\repository\org\springframework\boot\spring-boot-starter-logging\2.7.17\spring-boot-starter-logging-2.7.17.jar;C:\Users\akash\.m2\repository\ch\qos\logback\logback-classic\1.2.12\logback-classic-1.2.12.jar;C:\Users\akash\.m2\repository\ch\qos\logback\logback-core\1.2.12\logback-core-1.2.12.jar;C:\Users\akash\.m2\repository\org\apache\logging\log4j\log4j-to-slf4j\2.17.2\log4j-to-slf4j-2.17.2.jar;C:\Users\akash\.m2\repository\org\apache\logging\log4j\log4j-api\2.17.2\log4j-api-2.17.2.jar;C:\Users\akash\.m2\repository\org\slf4j\jul-to-slf4j\1.7.36\jul-to-slf4j-1.7.36.jar;C:\Users\akash\.m2\repository\jakarta\annotation\jakarta.annotation-api\1.3.5\jakarta.annotation-api-1.3.5.jar;C:\Users\akash\.m2\repository\org\springframework\boot\spring-boot-actuator-autoconfigure\2.7.17\spring-boot-actuator-autoconfigure-2.7.17.jar;C:\Users\akash\.m2\repository\org\springframework\boot\spring-boot-actuator\2.7.17\spring-boot-actuator-2.7.17.jar;C:\Users\akash\.m2\repository\com\fasterxml\jackson\core\jackson-databind\2.13.5\jackson-databind-2.13.5.jar;C:\Users\akash\.m2\repository\com\fasterxml\jackson\datatype\jackson-datatype-jsr310\2.13.5\jackson-datatype-jsr310-2.13.5.jar;C:\Users\akash\.m2\repository\io\micrometer\micrometer-core\1.9.16\micrometer-core-1.9.16.jar;C:\Users\akash\.m2\repository\org\hdrhistogram\HdrHistogram\2.1.12\HdrHistogram-2.1.12.jar;C:\Users\akash\.m2\repository\org\latencyutils\LatencyUtils\2.0.3\LatencyUtils-2.0.3.jar;C:\Users\akash\.m2\repository\org\springframework\cloud\spring-cloud-config-server\3.1.8\spring-cloud-config-server-3.1.8.jar;C:\Users\akash\.m2\repository\org\springframework\cloud\spring-cloud-config-client\3.1.8\spring-cloud-config-client-3.1.8.jar;C:\Users\akash\.m2\repository\org\springframework\cloud\spring-cloud-commons\3.1.7\spring-cloud-commons-3.1.7.jar;C:\Users\akash\.m2\repository\org\springframework\cloud\spring-cloud-context\3.1.7\spring-cloud-context-3.1.7.jar;C:\Users\akash\.m2\repository\org\springframework\spring-web\5.3.30\spring-web-5.3.30.jar;C:\Users\akash\.m2\repository\org\springframework\spring-beans\5.3.30\spring-beans-5.3.30.jar;C:\Users\akash\.m2\repository\com\fasterxml\jackson\core\jackson-annotations\2.13.5\jackson-annotations-2.13.5.jar;C:\Users\akash\.m2\repository\org\apache\httpcomponents\httpclient\4.5.14\httpclient-4.5.14.jar;C:\Users\akash\.m2\repository\commons-codec\commons-codec\1.15\commons-codec-1.15.jar;C:\Users\akash\.m2\repository\org\springframework\boot\spring-boot-starter-web\2.7.17\spring-boot-starter-web-2.7.17.jar;C:\Users\akash\.m2\repository\org\springframework\boot\spring-boot-starter-json\2.7.17\spring-boot-starter-json-2.7.17.jar;C:\Users\akash\.m2\repository\com\fasterxml\jackson\datatype\jackson-datatype-jdk8\2.13.5\jackson-datatype-jdk8-2.13.5.jar;C:\Users\akash\.m2\repository\com\fasterxml\jackson\module\jackson-module-parameter-names\2.13.5\jackson-module-parameter-names-2.13.5.jar;C:\Users\akash\.m2\repository\org\springframework\boot\spring-boot-starter-tomcat\2.7.17\spring-boot-starter-tomcat-2.7.17.jar;C:\Users\akash\.m2\repository\org\apache\tomcat\embed\tomcat-embed-core\9.0.82\tomcat-embed-core-9.0.82.jar;C:\Users\akash\.m2\repository\org\apache\tomcat\embed\tomcat-embed-websocket\9.0.82\tomcat-embed-websocket-9.0.82.jar;C:\Users\akash\.m2\repository\org\springframework\spring-webmvc\5.3.30\spring-webmvc-5.3.30.jar;C:\Users\akash\.m2\repository\org\springframework\spring-aop\5.3.30\spring-aop-5.3.30.jar;C:\Users\akash\.m2\repository\org\springframework\spring-expression\5.3.30\spring-expression-5.3.30.jar;C:\Users\akash\.m2\repository\org\springframework\boot\spring-boot-starter-validation\2.7.17\spring-boot-starter-validation-2.7.17.jar;C:\Users\akash\.m2\repository\org\apache\tomcat\embed\tomcat-embed-el\9.0.82\tomcat-embed-el-9.0.82.jar;C:\Users\akash\.m2\repository\org\hibernate\validator\hibernate-validator\6.2.5.Final\hibernate-validator-6.2.5.Final.jar;C:\Users\akash\.m2\repository\jakarta\validation\jakarta.validation-api\2.0.2\jakarta.validation-api-2.0.2.jar;C:\Users\akash\.m2\repository\org\jboss\logging\jboss-logging\3.4.3.Final\jboss-logging-3.4.3.Final.jar;C:\Users\akash\.m2\repository\com\fasterxml\classmate\1.5.1\classmate-1.5.1.jar;C:\Users\akash\.m2\repository\org\springframework\security\spring-security-crypto\5.7.11\spring-security-crypto-5.7.11.jar;C:\Users\akash\.m2\repository\org\springframework\security\spring-security-rsa\1.0.11.RELEASE\spring-security-rsa-1.0.11.RELEASE.jar;C:\Users\akash\.m2\repository\org\bouncycastle\bcpkix-jdk15on\1.69\bcpkix-jdk15on-1.69.jar;C:\Users\akash\.m2\repository\org\bouncycastle\bcprov-jdk15on\1.69\bcprov-jdk15on-1.69.jar;C:\Users\akash\.m2\repository\org\bouncycastle\bcutil-jdk15on\1.69\bcutil-jdk15on-1.69.jar;C:\Users\akash\.m2\repository\org\eclipse\jgit\org.eclipse.jgit\5.13.1.202206130422-r\org.eclipse.jgit-5.13.1.202206130422-r.jar;C:\Users\akash\.m2\repository\com\googlecode\javaewah\JavaEWAH\1.1.13\JavaEWAH-1.1.13.jar;C:\Users\akash\.m2\repository\org\slf4j\slf4j-api\1.7.36\slf4j-api-1.7.36.jar;C:\Users\akash\.m2\repository\org\eclipse\jgit\org.eclipse.jgit.http.apache\5.13.1.202206130422-r\org.eclipse.jgit.http.apache-5.13.1.202206130422-r.jar;C:\Users\akash\.m2\repository\org\apache\httpcomponents\httpcore\4.4.16\httpcore-4.4.16.jar;C:\Users\akash\.m2\repository\org\eclipse\jgit\org.eclipse.jgit.ssh.apache\5.13.1.202206130422-r\org.eclipse.jgit.ssh.apache-5.13.1.202206130422-r.jar;C:\Users\akash\.m2\repository\org\apache\sshd\sshd-osgi\2.7.0\sshd-osgi-2.7.0.jar;C:\Users\akash\.m2\repository\org\slf4j\jcl-over-slf4j\1.7.36\jcl-over-slf4j-1.7.36.jar;C:\Users\akash\.m2\repository\org\apache\sshd\sshd-sftp\2.7.0\sshd-sftp-2.7.0.jar;C:\Users\akash\.m2\repository\org\apache\sshd\sshd-core\2.7.0\sshd-core-2.7.0.jar;C:\Users\akash\.m2\repository\org\apache\sshd\sshd-common\2.7.0\sshd-common-2.7.0.jar;C:\Users\akash\.m2\repository\net\i2p\crypto\eddsa\0.3.0\eddsa-0.3.0.jar;C:\Users\akash\.m2\repository\org\yaml\snakeyaml\1.30\snakeyaml-1.30.jar;C:\Users\akash\.m2\repository\com\fasterxml\jackson\dataformat\jackson-dataformat-yaml\2.13.5\jackson-dataformat-yaml-2.13.5.jar;C:\Users\akash\.m2\repository\com\fasterxml\jackson\core\jackson-core\2.13.5\jackson-core-2.13.5.jar;C:\Users\akash\.m2\repository\org\springframework\cloud\spring-cloud-starter-netflix-eureka-client\3.1.7\spring-cloud-starter-netflix-eureka-client-3.1.7.jar;C:\Users\akash\.m2\repository\org\springframework\cloud\spring-cloud-starter\3.1.7\spring-cloud-starter-3.1.7.jar;C:\Users\akash\.m2\repository\org\springframework\cloud\spring-cloud-netflix-eureka-client\3.1.7\spring-cloud-netflix-eureka-client-3.1.7.jar;C:\Users\akash\.m2\repository\com\netflix\eureka\eureka-client\1.10.17\eureka-client-1.10.17.jar;C:\Users\akash\.m2\repository\com\netflix\netflix-commons\netflix-eventbus\0.3.0\netflix-eventbus-0.3.0.jar;C:\Users\akash\.m2\repository\com\netflix\netflix-commons\netflix-infix\0.3.0\netflix-infix-0.3.0.jar;C:\Users\akash\.m2\repository\commons-jxpath\commons-jxpath\1.3\commons-jxpath-1.3.jar;C:\Users\akash\.m2\repository\joda-time\joda-time\2.3\joda-time-2.3.jar;C:\Users\akash\.m2\repository\org\antlr\antlr-runtime\3.4\antlr-runtime-3.4.jar;C:\Users\akash\.m2\repository\org\antlr\stringtemplate\3.2.1\stringtemplate-3.2.1.jar;C:\Users\akash\.m2\repository\antlr\antlr\2.7.7\antlr-2.7.7.jar;C:\Users\akash\.m2\repository\com\google\code\gson\gson\2.9.1\gson-2.9.1.jar;C:\Users\akash\.m2\repository\org\apache\commons\commons-math\2.2\commons-math-2.2.jar;C:\Users\akash\.m2\repository\com\thoughtworks\xstream\xstream\1.4.18\xstream-1.4.18.jar;C:\Users\akash\.m2\repository\io\github\x-stream\mxparser\1.2.2\mxparser-1.2.2.jar;C:\Users\akash\.m2\repository\xmlpull\xmlpull\1.1.3.1\xmlpull-1.1.3.1.jar;C:\Users\akash\.m2\repository\javax\ws\rs\jsr311-api\1.1.1\jsr311-api-1.1.1.jar;C:\Users\akash\.m2\repository\com\netflix\servo\servo-core\0.12.21\servo-core-0.12.21.jar;C:\Users\akash\.m2\repository\com\google\guava\guava\19.0\guava-19.0.jar;C:\Users\akash\.m2\repository\commons-configuration\commons-configuration\1.10\commons-configuration-1.10.jar;C:\Users\akash\.m2\repository\commons-lang\commons-lang\2.6\commons-lang-2.6.jar;C:\Users\akash\.m2\repository\com\google\inject\guice\4.1.0\guice-4.1.0.jar;C:\Users\akash\.m2\repository\javax\inject\javax.inject\1\javax.inject-1.jar;C:\Users\akash\.m2\repository\org\codehaus\jettison\jettison\1.4.0\jettison-1.4.0.jar;C:\Users\akash\.m2\repository\com\netflix\eureka\eureka-core\1.10.17\eureka-core-1.10.17.jar;C:\Users\akash\.m2\repository\com\fasterxml\woodstox\woodstox-core\6.2.1\woodstox-core-6.2.1.jar;C:\Users\akash\.m2\repository\org\codehaus\woodstox\stax2-api\4.2.1\stax2-api-4.2.1.jar;C:\Users\akash\.m2\repository\org\springframework\cloud\spring-cloud-starter-loadbalancer\3.1.7\spring-cloud-starter-loadbalancer-3.1.7.jar;C:\Users\akash\.m2\repository\org\springframework\cloud\spring-cloud-loadbalancer\3.1.7\spring-cloud-loadbalancer-3.1.7.jar;C:\Users\akash\.m2\repository\io\projectreactor\reactor-core\3.4.33\reactor-core-3.4.33.jar;C:\Users\akash\.m2\repository\org\reactivestreams\reactive-streams\1.0.4\reactive-streams-1.0.4.jar;C:\Users\akash\.m2\repository\io\projectreactor\addons\reactor-extra\3.4.10\reactor-extra-3.4.10.jar;C:\Users\akash\.m2\repository\org\springframework\boot\spring-boot-starter-cache\2.7.17\spring-boot-starter-cache-2.7.17.jar;C:\Users\akash\.m2\repository\org\springframework\spring-context-support\5.3.30\spring-context-support-5.3.30.jar;C:\Users\akash\.m2\repository\com\stoyanr\evictor\1.0.0\evictor-1.0.0.jar;C:\Users\akash\.m2\repository\org\springframework\spring-core\5.3.30\spring-core-5.3.30.jar;C:\Users\akash\.m2\repository\org\springframework\spring-jcl\5.3.30\spring-jcl-5.3.30.jar
Launcher Type: SUN_STANDARD

[Global flags]
     intx CICompilerCount                          = 4                                         {product} {ergonomic}
     uint ConcGCThreads                            = 2                                         {product} {ergonomic}
     uint G1ConcRefinementThreads                  = 8                                         {product} {ergonomic}
   size_t G1HeapRegionSize                         = 1048576                                   {product} {ergonomic}
    uintx GCDrainStackTargetSize                   = 64                                        {product} {ergonomic}
   size_t InitialHeapSize                          = 134217728                                 {product} {ergonomic}
   size_t MarkStackSize                            = 4194304                                   {product} {ergonomic}
   size_t MaxHeapSize                              = 2124414976                                {product} {ergonomic}
   size_t MaxNewSize                               = 1274019840                                {product} {ergonomic}
   size_t MinHeapDeltaBytes                        = 1048576                                   {product} {ergonomic}
   size_t MinHeapSize                              = 8388608                                   {product} {ergonomic}
    uintx NonNMethodCodeHeapSize                   = 5839372                                {pd product} {ergonomic}
    uintx NonProfiledCodeHeapSize                  = 122909434                              {pd product} {ergonomic}
    uintx ProfiledCodeHeapSize                     = 122909434                              {pd product} {ergonomic}
    uintx ReservedCodeCacheSize                    = 251658240                              {pd product} {ergonomic}
     bool SegmentedCodeCache                       = true                                      {product} {ergonomic}
   size_t SoftMaxHeapSize                          = 2124414976                             {manageable} {ergonomic}
     bool UseCompressedClassPointers               = true                           {product lp64_product} {ergonomic}
     bool UseCompressedOops                        = true                           {product lp64_product} {ergonomic}
     bool UseG1GC                                  = true                                      {product} {ergonomic}
     bool UseLargePagesIndividualAllocation        = false                                  {pd product} {ergonomic}

Logging:
Log output configuration:
 #0: stdout all=warning uptime,level,tags foldmultilines=false
 #1: stderr all=off uptime,level,tags foldmultilines=false

Environment Variables:
JAVA_HOME=C:\Program Files\Java\jdk-19
PATH=C:\Python312\Scripts\;C:\Python312\;C:\oracle\product\10.2.0\db_1\bin;C:\Users\akash\OneDrive\Desktop\WINDOWS.X64_193000_db_home\bin;C:\Users\akash\Downloads\WINDOWS.X64_193000_db_home\bin;C:\app\akash\product\21c\dbhomeXE\bin;C:\Program Files\Common Files\Oracle\Java\javapath;C:\Python311\Scripts\;C:\Python311\;C:\Windows\system32;C:\Windows;C:\Windows\System32\Wbem;C:\Windows\System32\WindowsPowerShell\v1.0\;C:\Windows\System32\OpenSSH\;C:\Program Files (x86)\NVIDIA Corporation\PhysX\Common;C:\Program Files\NVIDIA Corporation\NVIDIA NvDLISR;C:\WINDOWS\system32;C:\WINDOWS;C:\WINDOWS\System32\Wbem;C:\WINDOWS\System32\WindowsPowerShell\v1.0\;C:\WINDOWS\System32\OpenSSH\;C:\Program Files\MySQL\MySQL Server 8.0\bin;C:\ProgramData\chocolatey\bin;C:\Program Files\Git\cmd;C:\Program Files\Java\jdk-19\bin;C:\Program Files\Java\jdk-19\bin;C:\Program Files\Java\jdk-19\bin;C:\Program Files\;C:\Program Files\Docker\Docker\resources\bin;C:\Program Files\MySQL\MySQL Shell 8.0\bin\;C:\Users\akash\AppData\Local\Microsoft\WindowsApps;C:\Users\akash\AppData\Local\Programs\Microsoft VS Code\bin;";C:\Program Files\nodejs";C:\Users\akash\AppData\Roaming\npm
USERNAME=akash
OS=Windows_NT
PROCESSOR_IDENTIFIER=Intel64 Family 6 Model 165 Stepping 2, GenuineIntel
TMP=C:\Users\akash\AppData\Local\Temp
TEMP=C:\Users\akash\AppData\Local\Temp



---------------  S Y S T E M  ---------------

OS:
 Windows 11 , 64 bit Build 22621 (10.0.22621.2428)
OS uptime: 14 days 16:13 hours
Hyper-V role detected

CPU: total 8 (initial active 8) (4 cores per cpu, 2 threads per core) family 6 model 165 stepping 2 microcode 0xec, cx8, cmov, fxsr, ht, mmx, 3dnowpref, sse, sse2, sse3, ssse3, sse4.1, sse4.2, popcnt, lzcnt, tsc, tscinvbit, avx, avx2, aes, erms, clmul, bmi1, bmi2, adx, fma, vzeroupper, clflush, clflushopt, hv, rdtscp

Memory: 4k page, system-wide physical 8099M (525M free)
TotalPageFile size 32675M (AvailPageFile size 4M)
current process WorkingSet (physical memory assigned to process): 36M, peak: 251M
current process commit charge ("private bytes"): 285M, peak: 292M

vm_info: Java HotSpot(TM) 64-Bit Server VM (19.0.2+7-44) for windows-amd64 JRE (19.0.2+7-44), built on 2022-11-30T18:02:09Z by "mach5one" with MS VC++ 17.1 (VS2022)

END.
